<?xml version="1.0" encoding="UTF-8"?>
<coverage generated="1591841930454" clover="3.2.0">
  <project timestamp="1591841930454" name="All files">
    <metrics statements="152" coveredstatements="151" conditionals="86" coveredconditionals="78" methods="40" coveredmethods="40" elements="278" coveredelements="269" complexity="0" loc="152" ncloc="152" packages="1" files="3" classes="3"/>
    <file name="Database.ts" path="/Users/ryanallred/synvox/offline/src/Database.ts">
      <metrics statements="136" coveredstatements="135" conditionals="86" coveredconditionals="78" methods="33" coveredmethods="33"/>
      <line num="16" count="1" type="stmt"/>
      <line num="21" count="3" type="stmt"/>
      <line num="22" count="3" type="stmt"/>
      <line num="25" count="1" type="stmt"/>
      <line num="26" count="3" type="cond" truecount="2" falsecount="0"/>
      <line num="27" count="3" type="stmt"/>
      <line num="29" count="3" type="stmt"/>
      <line num="32" count="1" type="stmt"/>
      <line num="33" count="6" type="cond" truecount="1" falsecount="0"/>
      <line num="34" count="6" type="stmt"/>
      <line num="36" count="12" type="stmt"/>
      <line num="39" count="1" type="stmt"/>
      <line num="40" count="6" type="stmt"/>
      <line num="41" count="6" type="stmt"/>
      <line num="42" count="6" type="cond" truecount="2" falsecount="0"/>
      <line num="44" count="3" type="stmt"/>
      <line num="45" count="6" type="stmt"/>
      <line num="47" count="3" type="stmt"/>
      <line num="50" count="1" type="stmt"/>
      <line num="54" count="9" type="stmt"/>
      <line num="56" count="18" type="stmt"/>
      <line num="59" count="1" type="stmt"/>
      <line num="60" count="6" type="cond" truecount="1" falsecount="0"/>
      <line num="62" count="6" type="cond" truecount="2" falsecount="0"/>
      <line num="64" count="6" type="stmt"/>
      <line num="66" count="6" type="stmt"/>
      <line num="67" count="6" type="stmt"/>
      <line num="69" count="6" type="stmt"/>
      <line num="71" count="42" type="stmt"/>
      <line num="72" count="84" type="stmt"/>
      <line num="73" count="84" type="stmt"/>
      <line num="74" count="84" type="stmt"/>
      <line num="79" count="92" type="cond" truecount="2" falsecount="0"/>
      <line num="80" count="85" type="cond" truecount="4" falsecount="0"/>
      <line num="81" count="2" type="stmt"/>
      <line num="85" count="42" type="stmt"/>
      <line num="86" count="42" type="stmt"/>
      <line num="87" count="42" type="stmt"/>
      <line num="88" count="42" type="cond" truecount="2" falsecount="0"/>
      <line num="90" count="84" type="stmt"/>
      <line num="91" count="42" type="stmt"/>
      <line num="93" count="42" type="stmt"/>
      <line num="94" count="42" type="stmt"/>
      <line num="95" count="4" type="cond" truecount="4" falsecount="0"/>
      <line num="96" count="2" type="stmt"/>
      <line num="100" count="42" type="stmt"/>
      <line num="102" count="42" type="stmt"/>
      <line num="103" count="84" type="cond" truecount="4" falsecount="0"/>
      <line num="104" count="82" type="stmt"/>
      <line num="108" count="84" type="stmt"/>
      <line num="110" count="210" type="cond" truecount="2" falsecount="0"/>
      <line num="111" count="84" type="cond" truecount="4" falsecount="0"/>
      <line num="113" count="82" type="stmt"/>
      <line num="115" count="82" type="cond" truecount="2" falsecount="0"/>
      <line num="118" count="82" type="stmt"/>
      <line num="119" count="82" type="cond" truecount="2" falsecount="0"/>
      <line num="120" count="2" type="stmt"/>
      <line num="121" count="3" type="cond" truecount="2" falsecount="0"/>
      <line num="122" count="2" type="stmt"/>
      <line num="124" count="39" type="stmt"/>
      <line num="129" count="82" type="stmt"/>
      <line num="130" count="82" type="cond" truecount="1" falsecount="1"/>
      <line num="131" count="82" type="stmt"/>
      <line num="132" count="82" type="stmt"/>
      <line num="133" count="421" type="cond" truecount="2" falsecount="0"/>
      <line num="134" count="39" type="stmt"/>
      <line num="135" count="39" type="stmt"/>
      <line num="141" count="82" type="cond" truecount="2" falsecount="0"/>
      <line num="142" count="43" type="stmt"/>
      <line num="146" count="164" type="stmt"/>
      <line num="150" count="12" type="cond" truecount="1" falsecount="0"/>
      <line num="157" count="1" type="stmt"/>
      <line num="158" count="17" type="stmt"/>
      <line num="159" count="17" type="cond" truecount="2" falsecount="0"/>
      <line num="160" count="1" type="stmt"/>
      <line num="161" count="16" type="stmt"/>
      <line num="164" count="1" type="stmt"/>
      <line num="165" count="16" type="stmt"/>
      <line num="166" count="15" type="cond" truecount="1" falsecount="0"/>
      <line num="169" count="1" type="stmt"/>
      <line num="173" count="16" type="stmt"/>
      <line num="174" count="16" type="stmt"/>
      <line num="176" count="16" type="cond" truecount="2" falsecount="0"/>
      <line num="177" count="16" type="stmt"/>
      <line num="179" count="48" type="cond" truecount="2" falsecount="0"/>
      <line num="180" count="16" type="stmt"/>
      <line num="182" count="28" type="stmt"/>
      <line num="185" count="16" type="cond" truecount="2" falsecount="0"/>
      <line num="186" count="2" type="stmt"/>
      <line num="190" count="14" type="stmt"/>
      <line num="191" count="14" type="cond" truecount="1" falsecount="1"/>
      <line num="193" count="26" type="stmt"/>
      <line num="195" count="14" type="cond" truecount="1" falsecount="1"/>
      <line num="196" count="0" type="stmt"/>
      <line num="200" count="14" type="stmt"/>
      <line num="202" count="14" type="cond" truecount="2" falsecount="0"/>
      <line num="204" count="8" type="stmt"/>
      <line num="207" count="6" type="stmt"/>
      <line num="211" count="28" type="cond" truecount="2" falsecount="0"/>
      <line num="213" count="4" type="stmt"/>
      <line num="214" count="170" type="stmt"/>
      <line num="216" count="158" type="stmt"/>
      <line num="221" count="158" type="cond" truecount="2" falsecount="0"/>
      <line num="222" count="79" type="stmt"/>
      <line num="228" count="16" type="cond" truecount="1" falsecount="0"/>
      <line num="229" count="262" type="cond" truecount="2" falsecount="0"/>
      <line num="233" count="16" type="stmt"/>
      <line num="234" count="131" type="cond" truecount="1" falsecount="1"/>
      <line num="235" count="131" type="stmt"/>
      <line num="236" count="40" type="cond" truecount="1" falsecount="1"/>
      <line num="237" count="40" type="stmt"/>
      <line num="241" count="16" type="stmt"/>
      <line num="244" count="1" type="stmt"/>
      <line num="245" count="1" type="stmt"/>
      <line num="246" count="1" type="stmt"/>
      <line num="248" count="5" type="cond" truecount="2" falsecount="0"/>
      <line num="249" count="4" type="stmt"/>
      <line num="253" count="1" type="stmt"/>
      <line num="254" count="3" type="stmt"/>
      <line num="255" count="3" type="stmt"/>
      <line num="256" count="3" type="stmt"/>
      <line num="257" count="3" type="cond" truecount="1" falsecount="1"/>
      <line num="259" count="15" type="cond" truecount="2" falsecount="0"/>
      <line num="260" count="6" type="stmt"/>
      <line num="261" count="6" type="stmt"/>
      <line num="263" count="6" type="cond" truecount="1" falsecount="1"/>
      <line num="265" count="6" type="cond" truecount="1" falsecount="1"/>
      <line num="266" count="6" type="stmt"/>
      <line num="267" count="65" type="cond" truecount="2" falsecount="0"/>
      <line num="268" count="6" type="stmt"/>
      <line num="270" count="26" type="stmt"/>
      <line num="275" count="12" type="stmt"/>
      <line num="278" count="6" type="cond" truecount="1" falsecount="0"/>
      <line num="284" count="1" type="stmt"/>
      <line num="285" count="1" type="stmt"/>
      <line num="287" count="1" type="stmt"/>
    </file>
    <file name="index.ts" path="/Users/ryanallred/synvox/offline/src/index.ts">
      <metrics statements="3" coveredstatements="3" conditionals="0" coveredconditionals="0" methods="1" coveredmethods="1"/>
      <line num="1" count="1" type="stmt"/>
      <line num="2" count="4" type="stmt"/>
      <line num="4" count="1" type="stmt"/>
    </file>
    <file name="storage.ts" path="/Users/ryanallred/synvox/offline/src/storage.ts">
      <metrics statements="13" coveredstatements="13" conditionals="0" coveredconditionals="0" methods="6" coveredmethods="6"/>
      <line num="9" count="1" type="stmt"/>
      <line num="10" count="3" type="stmt"/>
      <line num="11" count="1" type="stmt"/>
      <line num="12" count="284" type="stmt"/>
      <line num="14" count="1" type="stmt"/>
      <line num="15" count="181" type="stmt"/>
      <line num="17" count="1" type="stmt"/>
      <line num="18" count="6" type="stmt"/>
      <line num="20" count="1" type="stmt"/>
      <line num="21" count="4" type="stmt"/>
      <line num="23" count="1" type="stmt"/>
      <line num="24" count="1" type="stmt"/>
      <line num="26" count="1" type="stmt"/>
    </file>
  </project>
</coverage>
