{"/Users/ryanallred/synvox/offline/src/Database.ts": {"path":"/Users/ryanallred/synvox/offline/src/Database.ts","statementMap":{"0":{"start":{"line":16,"column":0},"end":{"line":16,"column":null}},"1":{"start":{"line":21,"column":4},"end":{"line":21,"column":27}},"2":{"start":{"line":22,"column":4},"end":{"line":22,"column":21}},"3":{"start":{"line":25,"column":2},"end":{"line":30,"column":null}},"4":{"start":{"line":26,"column":4},"end":{"line":26,"column":52}},"5":{"start":{"line":27,"column":4},"end":{"line":28,"column":66}},"6":{"start":{"line":29,"column":4},"end":{"line":29,"column":40}},"7":{"start":{"line":32,"column":8},"end":{"line":37,"column":null}},"8":{"start":{"line":33,"column":28},"end":{"line":35,"column":null}},"9":{"start":{"line":34,"column":46},"end":{"line":34,"column":68}},"10":{"start":{"line":33,"column":10},"end":{"line":35,"column":null}},"11":{"start":{"line":36,"column":4},"end":{"line":36,"column":55}},"12":{"start":{"line":36,"column":48},"end":{"line":36,"column":53}},"13":{"start":{"line":39,"column":8},"end":{"line":48,"column":null}},"14":{"start":{"line":40,"column":10},"end":{"line":40,"column":46}},"15":{"start":{"line":41,"column":16},"end":{"line":41,"column":60}},"16":{"start":{"line":41,"column":8},"end":{"line":41,"column":null}},"17":{"start":{"line":42,"column":4},"end":{"line":42,"column":34}},"18":{"start":{"line":42,"column":14},"end":{"line":42,"column":34}},"19":{"start":{"line":44,"column":4},"end":{"line":44,"column":30}},"20":{"start":{"line":45,"column":4},"end":{"line":45,"column":41}},"21":{"start":{"line":47,"column":4},"end":{"line":47,"column":24}},"22":{"start":{"line":50,"column":8},"end":{"line":57,"column":null}},"23":{"start":{"line":54,"column":10},"end":{"line":54,"column":46}},"24":{"start":{"line":56,"column":4},"end":{"line":56,"column":46}},"25":{"start":{"line":59,"column":8},"end":{"line":155,"column":null}},"26":{"start":{"line":60,"column":17},"end":{"line":60,"column":null}},"27":{"start":{"line":60,"column":10},"end":{"line":60,"column":null}},"28":{"start":{"line":62,"column":8},"end":{"line":62,"column":63}},"29":{"start":{"line":64,"column":8},"end":{"line":64,"column":33}},"30":{"start":{"line":66,"column":17},"end":{"line":66,"column":null}},"31":{"start":{"line":66,"column":10},"end":{"line":66,"column":null}},"32":{"start":{"line":67,"column":4},"end":{"line":67,"column":31}},"33":{"start":{"line":69,"column":4},"end":{"line":154,"column":6}},"34":{"start":{"line":69,"column":11},"end":{"line":154,"column":6}},"35":{"start":{"line":71,"column":8},"end":{"line":76,"column":10}},"36":{"start":{"line":72,"column":55},"end":{"line":72,"column":57}},"37":{"start":{"line":72,"column":67},"end":{"line":72,"column":68}},"38":{"start":{"line":73,"column":26},"end":{"line":73,"column":42}},"39":{"start":{"line":74,"column":12},"end":{"line":74,"column":38}},"40":{"start":{"line":80,"column":12},"end":{"line":80,"column":17}},"41":{"start":{"line":81,"column":10},"end":{"line":81,"column":48}},"42":{"start":{"line":85,"column":14},"end":{"line":85,"column":61}},"43":{"start":{"line":86,"column":14},"end":{"line":86,"column":72}},"44":{"start":{"line":88,"column":11},"end":{"line":88,"column":50}},"45":{"start":{"line":87,"column":14},"end":{"line":88,"column":null}},"46":{"start":{"line":90,"column":8},"end":{"line":90,"column":50}},"47":{"start":{"line":91,"column":14},"end":{"line":91,"column":59}},"48":{"start":{"line":93,"column":12},"end":{"line":93,"column":40}},"49":{"start":{"line":94,"column":8},"end":{"line":98,"column":null}},"50":{"start":{"line":95,"column":10},"end":{"line":97,"column":null}},"51":{"start":{"line":96,"column":12},"end":{"line":96,"column":46}},"52":{"start":{"line":100,"column":12},"end":{"line":100,"column":38}},"53":{"start":{"line":102,"column":8},"end":{"line":106,"column":null}},"54":{"start":{"line":103,"column":10},"end":{"line":105,"column":null}},"55":{"start":{"line":104,"column":12},"end":{"line":104,"column":44}},"56":{"start":{"line":108,"column":8},"end":{"line":108,"column":59}},"57":{"start":{"line":111,"column":10},"end":{"line":111,"column":null}},"58":{"start":{"line":111,"column":79},"end":{"line":111,"column":null}},"59":{"start":{"line":113,"column":16},"end":{"line":113,"column":69}},"60":{"start":{"line":115,"column":24},"end":{"line":115,"column":61}},"61":{"start":{"line":115,"column":14},"end":{"line":116,"column":null}},"62":{"start":{"line":118,"column":16},"end":{"line":118,"column":47}},"63":{"start":{"line":119,"column":10},"end":{"line":127,"column":null}},"64":{"start":{"line":120,"column":12},"end":{"line":126,"column":15}},"65":{"start":{"line":121,"column":14},"end":{"line":121,"column":55}},"66":{"start":{"line":121,"column":42},"end":{"line":121,"column":55}},"67":{"start":{"line":122,"column":14},"end":{"line":124,"column":null}},"68":{"start":{"line":124,"column":44},"end":{"line":124,"column":59}},"69":{"start":{"line":129,"column":16},"end":{"line":129,"column":42}},"70":{"start":{"line":130,"column":10},"end":{"line":144,"column":null}},"71":{"start":{"line":131,"column":16},"end":{"line":131,"column":30}},"72":{"start":{"line":132,"column":12},"end":{"line":139,"column":15}},"73":{"start":{"line":133,"column":14},"end":{"line":133,"column":52}},"74":{"start":{"line":133,"column":39},"end":{"line":133,"column":52}},"75":{"start":{"line":134,"column":14},"end":{"line":134,"column":27}},"76":{"start":{"line":135,"column":14},"end":{"line":137,"column":null}},"77":{"start":{"line":141,"column":12},"end":{"line":143,"column":null}},"78":{"start":{"line":142,"column":14},"end":{"line":142,"column":65}},"79":{"start":{"line":146,"column":10},"end":{"line":146,"column":54}},"80":{"start":{"line":110,"column":56},"end":{"line":110,"column":null}},"81":{"start":{"line":110,"column":30},"end":{"line":110,"column":null}},"82":{"start":{"line":110,"column":17},"end":{"line":110,"column":30}},"83":{"start":{"line":79,"column":35},"end":{"line":79,"column":null}},"84":{"start":{"line":79,"column":23},"end":{"line":79,"column":null}},"85":{"start":{"line":79,"column":15},"end":{"line":79,"column":23}},"86":{"start":{"line":150,"column":6},"end":{"line":153,"column":9}},"87":{"start":{"line":157,"column":2},"end":{"line":162,"column":null}},"88":{"start":{"line":158,"column":18},"end":{"line":158,"column":74}},"89":{"start":{"line":158,"column":44},"end":{"line":158,"column":74}},"90":{"start":{"line":159,"column":4},"end":{"line":160,"column":73}},"91":{"start":{"line":160,"column":6},"end":{"line":160,"column":73}},"92":{"start":{"line":161,"column":4},"end":{"line":161,"column":17}},"93":{"start":{"line":164,"column":8},"end":{"line":167,"column":null}},"94":{"start":{"line":165,"column":10},"end":{"line":165,"column":54}},"95":{"start":{"line":166,"column":11},"end":{"line":166,"column":48}},"96":{"start":{"line":166,"column":4},"end":{"line":166,"column":48}},"97":{"start":{"line":169,"column":8},"end":{"line":242,"column":null}},"98":{"start":{"line":173,"column":10},"end":{"line":173,"column":47}},"99":{"start":{"line":174,"column":10},"end":{"line":174,"column":51}},"100":{"start":{"line":176,"column":8},"end":{"line":176,"column":45}},"101":{"start":{"line":177,"column":8},"end":{"line":177,"column":21}},"102":{"start":{"line":180,"column":11},"end":{"line":180,"column":null}},"103":{"start":{"line":182,"column":13},"end":{"line":182,"column":15}},"104":{"start":{"line":182,"column":25},"end":{"line":182,"column":26}},"105":{"start":{"line":182,"column":31},"end":{"line":182,"column":null}},"106":{"start":{"line":185,"column":6},"end":{"line":188,"column":null}},"107":{"start":{"line":186,"column":8},"end":{"line":186,"column":34}},"108":{"start":{"line":190,"column":12},"end":{"line":190,"column":65}},"109":{"start":{"line":191,"column":22},"end":{"line":191,"column":59}},"110":{"start":{"line":191,"column":12},"end":{"line":192,"column":null}},"111":{"start":{"line":193,"column":12},"end":{"line":193,"column":63}},"112":{"start":{"line":193,"column":40},"end":{"line":193,"column":62}},"113":{"start":{"line":195,"column":6},"end":{"line":198,"column":null}},"114":{"start":{"line":196,"column":8},"end":{"line":196,"column":34}},"115":{"start":{"line":200,"column":6},"end":{"line":200,"column":29}},"116":{"start":{"line":202,"column":6},"end":{"line":208,"column":null}},"117":{"start":{"line":204,"column":8},"end":{"line":204,"column":24}},"118":{"start":{"line":207,"column":8},"end":{"line":207,"column":55}},"119":{"start":{"line":207,"column":31},"end":{"line":207,"column":54}},"120":{"start":{"line":179,"column":52},"end":{"line":179,"column":null}},"121":{"start":{"line":179,"column":30},"end":{"line":179,"column":null}},"122":{"start":{"line":179,"column":13},"end":{"line":179,"column":26}},"123":{"start":{"line":179,"column":14},"end":{"line":179,"column":26}},"124":{"start":{"line":211,"column":8},"end":{"line":211,"column":11}},"125":{"start":{"line":213,"column":13},"end":{"line":213,"column":45}},"126":{"start":{"line":213,"column":6},"end":{"line":224,"column":25}},"127":{"start":{"line":214,"column":23},"end":{"line":214,"column":48}},"128":{"start":{"line":216,"column":30},"end":{"line":219,"column":21}},"129":{"start":{"line":216,"column":19},"end":{"line":216,"column":21}},"130":{"start":{"line":216,"column":26},"end":{"line":216,"column":30}},"131":{"start":{"line":221,"column":10},"end":{"line":221,"column":28}},"132":{"start":{"line":221,"column":21},"end":{"line":221,"column":28}},"133":{"start":{"line":222,"column":10},"end":{"line":222,"column":20}},"134":{"start":{"line":228,"column":15},"end":{"line":230,"column":null}},"135":{"start":{"line":229,"column":22},"end":{"line":229,"column":74}},"136":{"start":{"line":229,"column":26},"end":{"line":229,"column":74}},"137":{"start":{"line":228,"column":8},"end":{"line":230,"column":null}},"138":{"start":{"line":233,"column":4},"end":{"line":239,"column":7}},"139":{"start":{"line":234,"column":6},"end":{"line":234,"column":29}},"140":{"start":{"line":234,"column":16},"end":{"line":234,"column":29}},"141":{"start":{"line":235,"column":6},"end":{"line":238,"column":9}},"142":{"start":{"line":235,"column":55},"end":{"line":235,"column":57}},"143":{"start":{"line":235,"column":62},"end":{"line":235,"column":63}},"144":{"start":{"line":236,"column":8},"end":{"line":236,"column":51}},"145":{"start":{"line":236,"column":39},"end":{"line":236,"column":51}},"146":{"start":{"line":237,"column":8},"end":{"line":237,"column":37}},"147":{"start":{"line":241,"column":4},"end":{"line":241,"column":80}},"148":{"start":{"line":244,"column":8},"end":{"line":251,"column":null}},"149":{"start":{"line":245,"column":10},"end":{"line":245,"column":54}},"150":{"start":{"line":246,"column":17},"end":{"line":246,"column":null}},"151":{"start":{"line":246,"column":10},"end":{"line":246,"column":null}},"152":{"start":{"line":248,"column":24},"end":{"line":248,"column":null}},"153":{"start":{"line":248,"column":20},"end":{"line":248,"column":null}},"154":{"start":{"line":248,"column":13},"end":{"line":248,"column":20}},"155":{"start":{"line":249,"column":6},"end":{"line":249,"column":52}},"156":{"start":{"line":253,"column":8},"end":{"line":282,"column":null}},"157":{"start":{"line":254,"column":10},"end":{"line":254,"column":63}},"158":{"start":{"line":255,"column":10},"end":{"line":255,"column":51}},"159":{"start":{"line":257,"column":7},"end":{"line":257,"column":46}},"160":{"start":{"line":256,"column":10},"end":{"line":257,"column":null}},"161":{"start":{"line":260,"column":12},"end":{"line":260,"column":43}},"162":{"start":{"line":261,"column":12},"end":{"line":261,"column":65}},"163":{"start":{"line":263,"column":20},"end":{"line":263,"column":57}},"164":{"start":{"line":263,"column":10},"end":{"line":263,"column":null}},"165":{"start":{"line":265,"column":6},"end":{"line":273,"column":null}},"166":{"start":{"line":266,"column":8},"end":{"line":272,"column":11}},"167":{"start":{"line":267,"column":10},"end":{"line":267,"column":51}},"168":{"start":{"line":267,"column":38},"end":{"line":267,"column":51}},"169":{"start":{"line":268,"column":10},"end":{"line":270,"column":null}},"170":{"start":{"line":270,"column":39},"end":{"line":270,"column":48}},"171":{"start":{"line":275,"column":6},"end":{"line":275,"column":50}},"172":{"start":{"line":259,"column":52},"end":{"line":259,"column":null}},"173":{"start":{"line":259,"column":26},"end":{"line":259,"column":null}},"174":{"start":{"line":259,"column":13},"end":{"line":259,"column":26}},"175":{"start":{"line":278,"column":4},"end":{"line":281,"column":7}},"176":{"start":{"line":284,"column":8},"end":{"line":286,"column":null}},"177":{"start":{"line":285,"column":4},"end":{"line":285,"column":32}},"178":{"start":{"line":287,"column":0},"end":{"line":287,"column":null}}},"fnMap":{"0":{"name":"(anonymous_0)","decl":{"start":{"line":16,"column":0},"end":{"line":16,"column":null}},"loc":{"start":{"line":16,"column":0},"end":{"line":287,"column":null}}},"1":{"name":"Database","decl":{"start":{"line":20,"column":2},"end":{"line":20,"column":14}},"loc":{"start":{"line":20,"column":36},"end":{"line":23,"column":3}}},"2":{"name":"(anonymous_2)","decl":{"start":{"line":25,"column":2},"end":{"line":25,"column":7}},"loc":{"start":{"line":25,"column":57},"end":{"line":30,"column":3}}},"3":{"name":"(anonymous_3)","decl":{"start":{"line":32,"column":2},"end":{"line":32,"column":8}},"loc":{"start":{"line":32,"column":2},"end":{"line":37,"column":null}}},"4":{"name":"(anonymous_6)","decl":{"start":{"line":34,"column":37},"end":{"line":34,"column":42}},"loc":{"start":{"line":34,"column":42},"end":{"line":34,"column":50}}},"5":{"name":"(anonymous_7)","decl":{"start":{"line":36,"column":42},"end":{"line":36,"column":44}},"loc":{"start":{"line":36,"column":44},"end":{"line":36,"column":50}}},"6":{"name":"(anonymous_8)","decl":{"start":{"line":39,"column":2},"end":{"line":39,"column":8}},"loc":{"start":{"line":39,"column":36},"end":{"line":48,"column":null}}},"7":{"name":"(anonymous_11)","decl":{"start":{"line":50,"column":2},"end":{"line":50,"column":8}},"loc":{"start":{"line":52,"column":14},"end":{"line":57,"column":null}}},"8":{"name":"(anonymous_14)","decl":{"start":{"line":59,"column":2},"end":{"line":59,"column":8}},"loc":{"start":{"line":59,"column":33},"end":{"line":155,"column":null}}},"9":{"name":"(anonymous_17)","decl":{"start":{"line":69,"column":11},"end":{"line":69,"column":null}},"loc":{"start":{"line":69,"column":11},"end":{"line":154,"column":6}}},"10":{"name":"recalculateIndexes","decl":{"start":{"line":70,"column":15},"end":{"line":70,"column":33}},"loc":{"start":{"line":70,"column":60},"end":{"line":77,"column":7}}},"11":{"name":"(anonymous_20)","decl":{"start":{"line":72,"column":44},"end":{"line":72,"column":45}},"loc":{"start":{"line":72,"column":68},"end":{"line":75,"column":11}}},"12":{"name":"(anonymous_26)","decl":{"start":{"line":120,"column":30},"end":{"line":120,"column":35}},"loc":{"start":{"line":120,"column":35},"end":{"line":126,"column":13}}},"13":{"name":"(anonymous_27)","decl":{"start":{"line":124,"column":38},"end":{"line":124,"column":40}},"loc":{"start":{"line":124,"column":40},"end":{"line":124,"column":46}}},"14":{"name":"(anonymous_28)","decl":{"start":{"line":132,"column":30},"end":{"line":132,"column":35}},"loc":{"start":{"line":132,"column":35},"end":{"line":139,"column":13}}},"15":{"name":"(anonymous_29)","decl":{"start":{"line":157,"column":2},"end":{"line":157,"column":21}},"loc":{"start":{"line":157,"column":39},"end":{"line":162,"column":3}}},"16":{"name":"(anonymous_30)","decl":{"start":{"line":158,"column":35},"end":{"line":158,"column":40}},"loc":{"start":{"line":158,"column":40},"end":{"line":158,"column":49}}},"17":{"name":"(anonymous_31)","decl":{"start":{"line":164,"column":2},"end":{"line":164,"column":8}},"loc":{"start":{"line":164,"column":44},"end":{"line":167,"column":null}}},"18":{"name":"(anonymous_34)","decl":{"start":{"line":169,"column":2},"end":{"line":169,"column":8}},"loc":{"start":{"line":171,"column":15},"end":{"line":242,"column":null}}},"19":{"name":"(anonymous_39)","decl":{"start":{"line":182,"column":10},"end":{"line":182,"column":11}},"loc":{"start":{"line":182,"column":26},"end":{"line":182,"column":41}}},"20":{"name":"(anonymous_40)","decl":{"start":{"line":193,"column":31},"end":{"line":193,"column":36}},"loc":{"start":{"line":193,"column":36},"end":{"line":193,"column":45}}},"21":{"name":"(anonymous_41)","decl":{"start":{"line":207,"column":25},"end":{"line":207,"column":27}},"loc":{"start":{"line":207,"column":27},"end":{"line":207,"column":36}}},"22":{"name":"(anonymous_42)","decl":{"start":{"line":214,"column":16},"end":{"line":214,"column":19}},"loc":{"start":{"line":214,"column":19},"end":{"line":214,"column":26}}},"23":{"name":"(anonymous_43)","decl":{"start":{"line":215,"column":13},"end":{"line":215,"column":16}},"loc":{"start":{"line":215,"column":16},"end":{"line":223,"column":9}}},"24":{"name":"(anonymous_44)","decl":{"start":{"line":229,"column":14},"end":{"line":229,"column":20}},"loc":{"start":{"line":229,"column":22},"end":{"line":229,"column":74}}},"25":{"name":"(anonymous_45)","decl":{"start":{"line":229,"column":22},"end":{"line":229,"column":26}},"loc":{"start":{"line":229,"column":22},"end":{"line":229,"column":74}}},"26":{"name":"(anonymous_47)","decl":{"start":{"line":233,"column":23},"end":{"line":233,"column":24}},"loc":{"start":{"line":233,"column":32},"end":{"line":239,"column":5}}},"27":{"name":"(anonymous_48)","decl":{"start":{"line":235,"column":47},"end":{"line":235,"column":48}},"loc":{"start":{"line":235,"column":63},"end":{"line":238,"column":7}}},"28":{"name":"(anonymous_49)","decl":{"start":{"line":244,"column":2},"end":{"line":244,"column":8}},"loc":{"start":{"line":244,"column":45},"end":{"line":251,"column":null}}},"29":{"name":"(anonymous_52)","decl":{"start":{"line":253,"column":2},"end":{"line":253,"column":8}},"loc":{"start":{"line":253,"column":46},"end":{"line":282,"column":null}}},"30":{"name":"(anonymous_57)","decl":{"start":{"line":266,"column":26},"end":{"line":266,"column":31}},"loc":{"start":{"line":266,"column":31},"end":{"line":272,"column":9}}},"31":{"name":"(anonymous_58)","decl":{"start":{"line":270,"column":34},"end":{"line":270,"column":35}},"loc":{"start":{"line":270,"column":35},"end":{"line":270,"column":40}}},"32":{"name":"(anonymous_59)","decl":{"start":{"line":284,"column":2},"end":{"line":284,"column":8}},"loc":{"start":{"line":284,"column":2},"end":{"line":286,"column":null}}}},"branchMap":{"0":{"loc":{"start":{"line":26,"column":23},"end":{"line":26,"column":39}},"type":"binary-expr","locations":[{"start":{"line":26,"column":23},"end":{"line":26,"column":39}},{"start":{"line":26,"column":43},"end":{"line":26,"column":51}}]},"1":{"loc":{"start":{"line":28,"column":6},"end":{"line":28,"column":21}},"type":"binary-expr","locations":[{"start":{"line":28,"column":6},"end":{"line":28,"column":21}},{"start":{"line":28,"column":28},"end":{"line":28,"column":65}}]},"2":{"loc":{"start":{"line":33,"column":28},"end":{"line":35,"column":null}},"type":"switch","locations":[{"start":{"line":33,"column":28},"end":{"line":35,"column":null}}]},"3":{"loc":{"start":{"line":42,"column":4},"end":{"line":42,"column":34}},"type":"if","locations":[{"start":{"line":42,"column":4},"end":{"line":42,"column":34}},{"start":{"line":42,"column":4},"end":{"line":42,"column":34}}]},"4":{"loc":{"start":{"line":60,"column":17},"end":{"line":60,"column":null}},"type":"switch","locations":[{"start":{"line":60,"column":17},"end":{"line":60,"column":null}}]},"5":{"loc":{"start":{"line":62,"column":32},"end":{"line":62,"column":55}},"type":"cond-expr","locations":[{"start":{"line":62,"column":32},"end":{"line":62,"column":55}},{"start":{"line":62,"column":58},"end":{"line":62,"column":62}}]},"6":{"loc":{"start":{"line":150,"column":6},"end":{"line":153,"column":9}},"type":"switch","locations":[{"start":{"line":150,"column":6},"end":{"line":153,"column":9}}]},"7":{"loc":{"start":{"line":80,"column":12},"end":{"line":80,"column":17}},"type":"if","locations":[{"start":{"line":80,"column":12},"end":{"line":80,"column":17}},{"start":{"line":80,"column":12},"end":{"line":80,"column":17}}]},"8":{"loc":{"start":{"line":80,"column":12},"end":{"line":80,"column":31}},"type":"binary-expr","locations":[{"start":{"line":80,"column":12},"end":{"line":80,"column":31}},{"start":{"line":80,"column":35},"end":{"line":80,"column":60}}]},"9":{"loc":{"start":{"line":88,"column":11},"end":{"line":88,"column":17}},"type":"binary-expr","locations":[{"start":{"line":88,"column":11},"end":{"line":88,"column":17}},{"start":{"line":88,"column":54},"end":{"line":88,"column":56}}]},"10":{"loc":{"start":{"line":95,"column":10},"end":{"line":97,"column":null}},"type":"if","locations":[{"start":{"line":95,"column":10},"end":{"line":97,"column":null}},{"start":{"line":95,"column":10},"end":{"line":97,"column":null}}]},"11":{"loc":{"start":{"line":95,"column":14},"end":{"line":95,"column":34}},"type":"binary-expr","locations":[{"start":{"line":95,"column":14},"end":{"line":95,"column":34}},{"start":{"line":95,"column":38},"end":{"line":95,"column":73}}]},"12":{"loc":{"start":{"line":103,"column":10},"end":{"line":105,"column":null}},"type":"if","locations":[{"start":{"line":103,"column":10},"end":{"line":105,"column":null}},{"start":{"line":103,"column":10},"end":{"line":105,"column":null}}]},"13":{"loc":{"start":{"line":103,"column":14},"end":{"line":103,"column":34}},"type":"binary-expr","locations":[{"start":{"line":103,"column":14},"end":{"line":103,"column":34}},{"start":{"line":103,"column":38},"end":{"line":103,"column":73}}]},"14":{"loc":{"start":{"line":111,"column":10},"end":{"line":111,"column":null}},"type":"if","locations":[{"start":{"line":111,"column":10},"end":{"line":111,"column":null}},{"start":{"line":111,"column":10},"end":{"line":111,"column":null}}]},"15":{"loc":{"start":{"line":111,"column":14},"end":{"line":111,"column":40}},"type":"binary-expr","locations":[{"start":{"line":111,"column":14},"end":{"line":111,"column":40}},{"start":{"line":111,"column":44},"end":{"line":111,"column":68}}]},"16":{"loc":{"start":{"line":115,"column":24},"end":{"line":115,"column":30}},"type":"binary-expr","locations":[{"start":{"line":115,"column":24},"end":{"line":115,"column":30}},{"start":{"line":116,"column":12},"end":{"line":116,"column":14}}]},"17":{"loc":{"start":{"line":119,"column":10},"end":{"line":127,"column":null}},"type":"if","locations":[{"start":{"line":119,"column":10},"end":{"line":127,"column":null}},{"start":{"line":119,"column":10},"end":{"line":127,"column":null}}]},"18":{"loc":{"start":{"line":121,"column":14},"end":{"line":121,"column":55}},"type":"if","locations":[{"start":{"line":121,"column":14},"end":{"line":121,"column":55}},{"start":{"line":121,"column":14},"end":{"line":121,"column":55}}]},"19":{"loc":{"start":{"line":130,"column":10},"end":{"line":144,"column":null}},"type":"if","locations":[{"start":{"line":130,"column":10},"end":{"line":144,"column":null}},{"start":{"line":130,"column":10},"end":{"line":144,"column":null}}]},"20":{"loc":{"start":{"line":133,"column":14},"end":{"line":133,"column":52}},"type":"if","locations":[{"start":{"line":133,"column":14},"end":{"line":133,"column":52}},{"start":{"line":133,"column":14},"end":{"line":133,"column":52}}]},"21":{"loc":{"start":{"line":141,"column":12},"end":{"line":143,"column":null}},"type":"if","locations":[{"start":{"line":141,"column":12},"end":{"line":143,"column":null}},{"start":{"line":141,"column":12},"end":{"line":143,"column":null}}]},"22":{"loc":{"start":{"line":110,"column":30},"end":{"line":110,"column":null}},"type":"if","locations":[{"start":{"line":110,"column":30},"end":{"line":110,"column":null}},{"start":{"line":110,"column":30},"end":{"line":110,"column":null}}]},"23":{"loc":{"start":{"line":79,"column":23},"end":{"line":79,"column":null}},"type":"if","locations":[{"start":{"line":79,"column":23},"end":{"line":79,"column":null}},{"start":{"line":79,"column":23},"end":{"line":79,"column":null}}]},"24":{"loc":{"start":{"line":159,"column":4},"end":{"line":160,"column":73}},"type":"if","locations":[{"start":{"line":159,"column":4},"end":{"line":160,"column":73}},{"start":{"line":159,"column":4},"end":{"line":160,"column":73}}]},"25":{"loc":{"start":{"line":166,"column":4},"end":{"line":166,"column":48}},"type":"switch","locations":[{"start":{"line":166,"column":4},"end":{"line":166,"column":48}}]},"26":{"loc":{"start":{"line":228,"column":15},"end":{"line":230,"column":null}},"type":"switch","locations":[{"start":{"line":228,"column":15},"end":{"line":230,"column":null}}]},"27":{"loc":{"start":{"line":176,"column":26},"end":{"line":176,"column":37}},"type":"cond-expr","locations":[{"start":{"line":176,"column":26},"end":{"line":176,"column":37}},{"start":{"line":176,"column":40},"end":{"line":176,"column":44}}]},"28":{"loc":{"start":{"line":181,"column":8},"end":{"line":182,"column":null}},"type":"binary-expr","locations":[{"start":{"line":181,"column":8},"end":{"line":182,"column":null}},{"start":{"line":183,"column":13},"end":{"line":183,"column":15}}]},"29":{"loc":{"start":{"line":185,"column":6},"end":{"line":188,"column":null}},"type":"if","locations":[{"start":{"line":185,"column":6},"end":{"line":188,"column":null}},{"start":{"line":185,"column":6},"end":{"line":188,"column":null}}]},"30":{"loc":{"start":{"line":191,"column":22},"end":{"line":191,"column":28}},"type":"binary-expr","locations":[{"start":{"line":191,"column":22},"end":{"line":191,"column":28}},{"start":{"line":192,"column":8},"end":{"line":192,"column":10}}]},"31":{"loc":{"start":{"line":195,"column":6},"end":{"line":198,"column":null}},"type":"if","locations":[{"start":{"line":195,"column":6},"end":{"line":198,"column":null}},{"start":{"line":195,"column":6},"end":{"line":198,"column":null}}]},"32":{"loc":{"start":{"line":202,"column":6},"end":{"line":208,"column":null}},"type":"if","locations":[{"start":{"line":202,"column":6},"end":{"line":208,"column":null}},{"start":{"line":202,"column":6},"end":{"line":208,"column":null}}]},"33":{"loc":{"start":{"line":179,"column":30},"end":{"line":179,"column":null}},"type":"if","locations":[{"start":{"line":179,"column":30},"end":{"line":179,"column":null}},{"start":{"line":179,"column":30},"end":{"line":179,"column":null}}]},"34":{"loc":{"start":{"line":211,"column":8},"end":{"line":211,"column":11}},"type":"if","locations":[{"start":{"line":211,"column":8},"end":{"line":211,"column":11}},{"start":{"line":211,"column":8},"end":{"line":211,"column":11}}]},"35":{"loc":{"start":{"line":221,"column":10},"end":{"line":221,"column":28}},"type":"if","locations":[{"start":{"line":221,"column":10},"end":{"line":221,"column":28}},{"start":{"line":221,"column":10},"end":{"line":221,"column":28}}]},"36":{"loc":{"start":{"line":229,"column":26},"end":{"line":229,"column":74}},"type":"switch","locations":[{"start":{"line":229,"column":26},"end":{"line":229,"column":74}},{"start":{"line":229,"column":26},"end":{"line":229,"column":74}}]},"37":{"loc":{"start":{"line":234,"column":6},"end":{"line":234,"column":29}},"type":"if","locations":[{"start":{"line":234,"column":6},"end":{"line":234,"column":29}},{"start":{"line":234,"column":6},"end":{"line":234,"column":29}}]},"38":{"loc":{"start":{"line":236,"column":8},"end":{"line":236,"column":51}},"type":"if","locations":[{"start":{"line":236,"column":8},"end":{"line":236,"column":51}},{"start":{"line":236,"column":8},"end":{"line":236,"column":51}}]},"39":{"loc":{"start":{"line":248,"column":20},"end":{"line":248,"column":null}},"type":"if","locations":[{"start":{"line":248,"column":20},"end":{"line":248,"column":null}},{"start":{"line":248,"column":20},"end":{"line":248,"column":null}}]},"40":{"loc":{"start":{"line":278,"column":4},"end":{"line":281,"column":7}},"type":"switch","locations":[{"start":{"line":278,"column":4},"end":{"line":281,"column":7}}]},"41":{"loc":{"start":{"line":257,"column":7},"end":{"line":257,"column":13}},"type":"binary-expr","locations":[{"start":{"line":257,"column":7},"end":{"line":257,"column":13}},{"start":{"line":257,"column":50},"end":{"line":257,"column":52}}]},"42":{"loc":{"start":{"line":263,"column":20},"end":{"line":263,"column":26}},"type":"binary-expr","locations":[{"start":{"line":263,"column":20},"end":{"line":263,"column":26}},{"start":{"line":263,"column":61},"end":{"line":263,"column":63}}]},"43":{"loc":{"start":{"line":265,"column":6},"end":{"line":273,"column":null}},"type":"if","locations":[{"start":{"line":265,"column":6},"end":{"line":273,"column":null}},{"start":{"line":265,"column":6},"end":{"line":273,"column":null}}]},"44":{"loc":{"start":{"line":267,"column":10},"end":{"line":267,"column":51}},"type":"if","locations":[{"start":{"line":267,"column":10},"end":{"line":267,"column":51}},{"start":{"line":267,"column":10},"end":{"line":267,"column":51}}]},"45":{"loc":{"start":{"line":259,"column":26},"end":{"line":259,"column":null}},"type":"if","locations":[{"start":{"line":259,"column":26},"end":{"line":259,"column":null}},{"start":{"line":259,"column":26},"end":{"line":259,"column":null}}]}},"s":{"0":1,"1":3,"2":3,"3":1,"4":3,"5":3,"6":3,"7":1,"8":6,"9":6,"10":6,"11":12,"12":6,"13":1,"14":6,"15":6,"16":6,"17":6,"18":3,"19":3,"20":6,"21":3,"22":1,"23":9,"24":18,"25":1,"26":6,"27":6,"28":6,"29":6,"30":6,"31":6,"32":6,"33":6,"34":6,"35":42,"36":84,"37":84,"38":84,"39":84,"40":85,"41":2,"42":42,"43":42,"44":42,"45":42,"46":84,"47":42,"48":42,"49":42,"50":4,"51":2,"52":42,"53":42,"54":84,"55":82,"56":84,"57":84,"58":2,"59":82,"60":82,"61":82,"62":82,"63":82,"64":2,"65":3,"66":1,"67":2,"68":39,"69":82,"70":82,"71":82,"72":82,"73":421,"74":382,"75":39,"76":39,"77":82,"78":43,"79":164,"80":84,"81":210,"82":168,"83":12,"84":92,"85":86,"86":12,"87":1,"88":17,"89":17,"90":17,"91":1,"92":16,"93":1,"94":16,"95":15,"96":15,"97":1,"98":16,"99":16,"100":16,"101":16,"102":16,"103":28,"104":28,"105":28,"106":16,"107":2,"108":14,"109":14,"110":14,"111":14,"112":26,"113":14,"114":0,"115":14,"116":14,"117":8,"118":6,"119":6,"120":32,"121":48,"122":16,"123":16,"124":28,"125":4,"126":4,"127":170,"128":158,"129":158,"130":158,"131":158,"132":79,"133":79,"134":16,"135":262,"136":262,"137":16,"138":16,"139":131,"140":0,"141":131,"142":40,"143":40,"144":40,"145":0,"146":40,"147":16,"148":1,"149":1,"150":1,"151":1,"152":2,"153":5,"154":2,"155":4,"156":1,"157":3,"158":3,"159":3,"160":3,"161":6,"162":6,"163":6,"164":6,"165":6,"166":6,"167":65,"168":59,"169":6,"170":26,"171":12,"172":6,"173":15,"174":12,"175":6,"176":1,"177":1,"178":1},"f":{"0":1,"1":3,"2":3,"3":6,"4":6,"5":6,"6":6,"7":9,"8":6,"9":12,"10":42,"11":84,"12":3,"13":39,"14":421,"15":17,"16":17,"17":16,"18":16,"19":28,"20":26,"21":6,"22":170,"23":158,"24":131,"25":393,"26":131,"27":40,"28":1,"29":3,"30":65,"31":26,"32":1},"b":{"0":[3,3],"1":[3,3],"2":[6],"3":[3,3],"4":[6],"5":[3,3],"6":[6],"7":[42,1],"8":[43,21],"9":[42,40],"10":[2,2],"11":[4,4],"12":[82,2],"13":[84,4],"14":[2,82],"15":[84,82],"16":[82,4],"17":[2,80],"18":[1,2],"19":[82,0],"20":[382,39],"21":[43,39],"22":[42,84],"23":[6,43],"24":[1,16],"25":[15],"26":[16],"27":[4,12],"28":[16,2],"29":[2,14],"30":[14,0],"31":[0,14],"32":[8,6],"33":[16,16],"34":[12,4],"35":[79,79],"36":[131,131],"37":[0,131],"38":[0,40],"39":[1,2],"40":[3],"41":[3,0],"42":[6,0],"43":[6,0],"44":[59,6],"45":[3,6]}}
,"/Users/ryanallred/synvox/offline/src/index.ts": {"path":"/Users/ryanallred/synvox/offline/src/index.ts","statementMap":{"0":{"start":{"line":1,"column":0},"end":{"line":1,"column":7}},"1":{"start":{"line":4,"column":9},"end":{"line":1,"column":34}},"2":{"start":{"line":2,"column":0},"end":{"line":2,"column":24}},"3":{"start":{"line":2,"column":24},"end":{"line":2,"column":57}}},"fnMap":{"0":{"name":"(anonymous_0)","decl":{"start":{"line":2,"column":24},"end":{"line":2,"column":37}},"loc":{"start":{"line":2,"column":24},"end":{"line":2,"column":57}}}},"branchMap":{},"s":{"0":1,"1":1,"2":1,"3":4},"f":{"0":3},"b":{}}
,"/Users/ryanallred/synvox/offline/src/storage.ts": {"path":"/Users/ryanallred/synvox/offline/src/storage.ts","statementMap":{"0":{"start":{"line":9,"column":0},"end":{"line":9,"column":13}},"1":{"start":{"line":10,"column":10},"end":{"line":10,"column":49}},"2":{"start":{"line":11,"column":8},"end":{"line":13,"column":null}},"3":{"start":{"line":12,"column":4},"end":{"line":12,"column":44}},"4":{"start":{"line":14,"column":8},"end":{"line":16,"column":null}},"5":{"start":{"line":15,"column":4},"end":{"line":15,"column":28}},"6":{"start":{"line":17,"column":8},"end":{"line":19,"column":null}},"7":{"start":{"line":18,"column":4},"end":{"line":18,"column":27}},"8":{"start":{"line":20,"column":8},"end":{"line":22,"column":null}},"9":{"start":{"line":21,"column":4},"end":{"line":21,"column":35}},"10":{"start":{"line":23,"column":8},"end":{"line":25,"column":null}},"11":{"start":{"line":24,"column":4},"end":{"line":24,"column":20}},"12":{"start":{"line":26,"column":0},"end":{"line":26,"column":null}},"13":{"start":{"line":9,"column":13},"end":{"line":9,"column":26}}},"fnMap":{"0":{"name":"(anonymous_0)","decl":{"start":{"line":9,"column":0},"end":{"line":9,"column":13}},"loc":{"start":{"line":9,"column":0},"end":{"line":26,"column":null}}},"1":{"name":"(anonymous_2)","decl":{"start":{"line":11,"column":2},"end":{"line":11,"column":8}},"loc":{"start":{"line":11,"column":30},"end":{"line":13,"column":null}}},"2":{"name":"(anonymous_5)","decl":{"start":{"line":14,"column":2},"end":{"line":14,"column":8}},"loc":{"start":{"line":14,"column":40},"end":{"line":16,"column":null}}},"3":{"name":"(anonymous_8)","decl":{"start":{"line":17,"column":2},"end":{"line":17,"column":8}},"loc":{"start":{"line":17,"column":30},"end":{"line":19,"column":null}}},"4":{"name":"(anonymous_11)","decl":{"start":{"line":20,"column":2},"end":{"line":20,"column":8}},"loc":{"start":{"line":20,"column":2},"end":{"line":22,"column":null}}},"5":{"name":"(anonymous_14)","decl":{"start":{"line":23,"column":2},"end":{"line":23,"column":8}},"loc":{"start":{"line":23,"column":2},"end":{"line":25,"column":null}}}},"branchMap":{},"s":{"0":1,"1":3,"2":1,"3":284,"4":1,"5":181,"6":1,"7":6,"8":1,"9":4,"10":1,"11":1,"12":1,"13":1},"f":{"0":4,"1":284,"2":181,"3":6,"4":4,"5":1},"b":{}}
}
