TN:
SF:/Users/ryanallred/synvox/offline/src/Database.ts
FN:16,(anonymous_0)
FN:20,Database
FN:25,(anonymous_2)
FN:32,(anonymous_3)
FN:34,(anonymous_6)
FN:36,(anonymous_7)
FN:39,(anonymous_8)
FN:50,(anonymous_11)
FN:59,(anonymous_14)
FN:69,(anonymous_17)
FN:70,recalculateIndexes
FN:72,(anonymous_20)
FN:120,(anonymous_26)
FN:124,(anonymous_27)
FN:132,(anonymous_28)
FN:157,(anonymous_29)
FN:158,(anonymous_30)
FN:164,(anonymous_31)
FN:169,(anonymous_34)
FN:182,(anonymous_39)
FN:193,(anonymous_40)
FN:207,(anonymous_41)
FN:214,(anonymous_42)
FN:215,(anonymous_43)
FN:229,(anonymous_44)
FN:229,(anonymous_45)
FN:233,(anonymous_47)
FN:235,(anonymous_48)
FN:244,(anonymous_49)
FN:253,(anonymous_52)
FN:266,(anonymous_57)
FN:270,(anonymous_58)
FN:284,(anonymous_59)
FNF:33
FNH:33
FNDA:1,(anonymous_0)
FNDA:3,Database
FNDA:3,(anonymous_2)
FNDA:6,(anonymous_3)
FNDA:6,(anonymous_6)
FNDA:6,(anonymous_7)
FNDA:6,(anonymous_8)
FNDA:9,(anonymous_11)
FNDA:6,(anonymous_14)
FNDA:12,(anonymous_17)
FNDA:42,recalculateIndexes
FNDA:84,(anonymous_20)
FNDA:3,(anonymous_26)
FNDA:39,(anonymous_27)
FNDA:421,(anonymous_28)
FNDA:17,(anonymous_29)
FNDA:17,(anonymous_30)
FNDA:16,(anonymous_31)
FNDA:16,(anonymous_34)
FNDA:28,(anonymous_39)
FNDA:26,(anonymous_40)
FNDA:6,(anonymous_41)
FNDA:170,(anonymous_42)
FNDA:158,(anonymous_43)
FNDA:131,(anonymous_44)
FNDA:393,(anonymous_45)
FNDA:131,(anonymous_47)
FNDA:40,(anonymous_48)
FNDA:1,(anonymous_49)
FNDA:3,(anonymous_52)
FNDA:65,(anonymous_57)
FNDA:26,(anonymous_58)
FNDA:1,(anonymous_59)
DA:16,1
DA:21,3
DA:22,3
DA:25,1
DA:26,3
DA:27,3
DA:29,3
DA:32,1
DA:33,6
DA:34,6
DA:36,12
DA:39,1
DA:40,6
DA:41,6
DA:42,6
DA:44,3
DA:45,6
DA:47,3
DA:50,1
DA:54,9
DA:56,18
DA:59,1
DA:60,6
DA:62,6
DA:64,6
DA:66,6
DA:67,6
DA:69,6
DA:71,42
DA:72,84
DA:73,84
DA:74,84
DA:79,92
DA:80,85
DA:81,2
DA:85,42
DA:86,42
DA:87,42
DA:88,42
DA:90,84
DA:91,42
DA:93,42
DA:94,42
DA:95,4
DA:96,2
DA:100,42
DA:102,42
DA:103,84
DA:104,82
DA:108,84
DA:110,210
DA:111,84
DA:113,82
DA:115,82
DA:118,82
DA:119,82
DA:120,2
DA:121,3
DA:122,2
DA:124,39
DA:129,82
DA:130,82
DA:131,82
DA:132,82
DA:133,421
DA:134,39
DA:135,39
DA:141,82
DA:142,43
DA:146,164
DA:150,12
DA:157,1
DA:158,17
DA:159,17
DA:160,1
DA:161,16
DA:164,1
DA:165,16
DA:166,15
DA:169,1
DA:173,16
DA:174,16
DA:176,16
DA:177,16
DA:179,48
DA:180,16
DA:182,28
DA:185,16
DA:186,2
DA:190,14
DA:191,14
DA:193,26
DA:195,14
DA:196,0
DA:200,14
DA:202,14
DA:204,8
DA:207,6
DA:211,28
DA:213,4
DA:214,170
DA:216,158
DA:221,158
DA:222,79
DA:228,16
DA:229,262
DA:233,16
DA:234,131
DA:235,131
DA:236,40
DA:237,40
DA:241,16
DA:244,1
DA:245,1
DA:246,1
DA:248,5
DA:249,4
DA:253,1
DA:254,3
DA:255,3
DA:256,3
DA:257,3
DA:259,15
DA:260,6
DA:261,6
DA:263,6
DA:265,6
DA:266,6
DA:267,65
DA:268,6
DA:270,26
DA:275,12
DA:278,6
DA:284,1
DA:285,1
DA:287,1
LF:136
LH:135
BRDA:26,0,0,3
BRDA:26,0,1,3
BRDA:28,1,0,3
BRDA:28,1,1,3
BRDA:33,2,0,6
BRDA:42,3,0,3
BRDA:42,3,1,3
BRDA:60,4,0,6
BRDA:62,5,0,3
BRDA:62,5,1,3
BRDA:150,6,0,6
BRDA:80,7,0,42
BRDA:80,7,1,1
BRDA:80,8,0,43
BRDA:80,8,1,21
BRDA:88,9,0,42
BRDA:88,9,1,40
BRDA:95,10,0,2
BRDA:95,10,1,2
BRDA:95,11,0,4
BRDA:95,11,1,4
BRDA:103,12,0,82
BRDA:103,12,1,2
BRDA:103,13,0,84
BRDA:103,13,1,4
BRDA:111,14,0,2
BRDA:111,14,1,82
BRDA:111,15,0,84
BRDA:111,15,1,82
BRDA:115,16,0,82
BRDA:115,16,1,4
BRDA:119,17,0,2
BRDA:119,17,1,80
BRDA:121,18,0,1
BRDA:121,18,1,2
BRDA:130,19,0,82
BRDA:130,19,1,0
BRDA:133,20,0,382
BRDA:133,20,1,39
BRDA:141,21,0,43
BRDA:141,21,1,39
BRDA:110,22,0,42
BRDA:110,22,1,84
BRDA:79,23,0,6
BRDA:79,23,1,43
BRDA:159,24,0,1
BRDA:159,24,1,16
BRDA:166,25,0,15
BRDA:228,26,0,16
BRDA:176,27,0,4
BRDA:176,27,1,12
BRDA:181,28,0,16
BRDA:181,28,1,2
BRDA:185,29,0,2
BRDA:185,29,1,14
BRDA:191,30,0,14
BRDA:191,30,1,0
BRDA:195,31,0,0
BRDA:195,31,1,14
BRDA:202,32,0,8
BRDA:202,32,1,6
BRDA:179,33,0,16
BRDA:179,33,1,16
BRDA:211,34,0,12
BRDA:211,34,1,4
BRDA:221,35,0,79
BRDA:221,35,1,79
BRDA:229,36,0,131
BRDA:229,36,1,131
BRDA:234,37,0,0
BRDA:234,37,1,131
BRDA:236,38,0,0
BRDA:236,38,1,40
BRDA:248,39,0,1
BRDA:248,39,1,2
BRDA:278,40,0,3
BRDA:257,41,0,3
BRDA:257,41,1,0
BRDA:263,42,0,6
BRDA:263,42,1,0
BRDA:265,43,0,6
BRDA:265,43,1,0
BRDA:267,44,0,59
BRDA:267,44,1,6
BRDA:259,45,0,3
BRDA:259,45,1,6
BRF:86
BRH:78
end_of_record
TN:
SF:/Users/ryanallred/synvox/offline/src/index.ts
FN:2,(anonymous_0)
FNF:1
FNH:1
FNDA:3,(anonymous_0)
DA:1,1
DA:2,4
DA:4,1
LF:3
LH:3
BRF:0
BRH:0
end_of_record
TN:
SF:/Users/ryanallred/synvox/offline/src/storage.ts
FN:9,(anonymous_0)
FN:11,(anonymous_2)
FN:14,(anonymous_5)
FN:17,(anonymous_8)
FN:20,(anonymous_11)
FN:23,(anonymous_14)
FNF:6
FNH:6
FNDA:4,(anonymous_0)
FNDA:284,(anonymous_2)
FNDA:181,(anonymous_5)
FNDA:6,(anonymous_8)
FNDA:4,(anonymous_11)
FNDA:1,(anonymous_14)
DA:9,1
DA:10,3
DA:11,1
DA:12,284
DA:14,1
DA:15,181
DA:17,1
DA:18,6
DA:20,1
DA:21,4
DA:23,1
DA:24,1
DA:26,1
LF:13
LH:13
BRF:0
BRH:0
end_of_record
